<?xml version="1.0" encoding="UTF-8"?>
<!-- Generated by org.testng.reporters.JUnitXMLReporter -->
<testsuite ignored="0" hostname="DESKTOP-AREV02Q" failures="0" tests="6" name="Test" time="169.936" errors="0" timestamp="2023-08-08T11:03:44 IST">
  <testcase classname="testScripts.Logintest" name="validEmailPasswordloginpage" time="17.769"/>
  <testcase classname="testScripts.StartnewPermittest" name="newPermitMainPage" time="21.096"/>
  <testcase classname="testScripts.StartnewPermittest" name="companyPage" time="5.402"/>
  <testcase classname="testScripts.StartnewPermittest" name="loadPage" time="22.826"/>
  <testcase classname="testScripts.StartnewPermittest" name="routePage" time="78.729"/>
  <testcase classname="testScripts.Checkouttest" name="checkout" time="13.413"/>
</testsuite> <!-- Test -->
